*** Using Compiler 'V6.16', folder: 'C:\Keil_v5\ARM\ARMCLANG\Bin'
Build target 'Debug_NoBootNoClassB'
compiling ProjectConfig.c...
compiling n32l40x_can.c...
compiling n32l40x_exti.c...
compiling main.c...
compiling system_n32l40x.c...
compiling n32l40x_adc.c...
compiling n32l40x_dma.c...
compiling n32l40x_crc.c...
compiling misc.c...
compiling n32l40x_dbg.c...
compiling n32l40x_dac.c...
compiling n32l40x_comp.c...
compiling n32l40x_gpio.c...
compiling n32l40x_i2c.c...
compiling n32l40x_flash.c...
compiling n32l40x_iwdg.c...
compiling n32l40x_lcd.c...
compiling n32l40x_lptim.c...
compiling n32l40x_opamp.c...
compiling n32l40x_lpuart.c...
compiling n32l40x_pwr.c...
compiling n32l40x_rcc.c...
compiling n32l40x_spi.c...
compiling n32l40x_rtc.c...
compiling n32l40x_tsc.c...
compiling n32l40x_wwdg.c...
compiling MSP_GPIO.c...
compiling n32l40x_usart.c...
compiling MSP_SPI.c...
compiling MSP_IT.c...
compiling MSP_UART.c...
compiling n32l40x_tim.c...
compiling BSP_BQ7982X.c...
compiling BSP_BQ7982X_APP.c...
linking...
Program Size: Code=19872 RO-data=1184 RW-data=356 ZI-data=9412  
FromELF: creating hex file...
After Build - User command #1: fromelf --bin  -o "BMSCube_N32L406.bin" "D:\EIS_Code\Code\EIS_n32l406\N32L406\project\Objects\BMSCube_N32L406.axf"
".\Objects\BMSCube_N32L406.axf" - 0 Error(s), 0 Warning(s).
Build Time Elapsed:  00:00:07
