Load "D:\\EIS_Code\\Code\\EIS_n32l406\\N32L406\\project\\Objects\\BMSCube_N32L406.axf" 
* JLink Info: Device "CORTEX-M4" selected.
Set JLink Project File to "D:\EIS_Code\Code\EIS_n32l406\N32L406\project\JLinkSettings.ini"* JLink Info: Device "N32L406CB" selected.

JLink info:
------------
DLL: V7.88k, compiled Jul  5 2023 14:55:12
Firmware: J-Link V9 compiled May  7 2021 16:26:12
Hardware: V9.60
S/N : 20648192 
Feature(s) : GDB, RDI, FlashBP, FlashDL, JFlash 

* JLink Info: Found SW-DP with ID 0x2BA01477
* JLink Info: DPIDR: 0x2BA01477
* JLink Info: CoreSight SoC-400 or earlier
* JLink Info: Scanning AP map to find all available APs
* JLink Info: AP[1]: Stopped AP scan as end of AP map has been reached
* JLink Info: AP[0]: AHB-AP (IDR: 0x24770011)
* JLink Info: Iterating through AP map to find AHB-AP to use
* JLink Info: AP[0]: Core found
* JLink Info: AP[0]: AHB-AP ROM base: 0xE00FF000
* JLink Info: CPUID register: 0x410FC241. Implementer code: 0x41 (ARM)
* JLink Info: Found Cortex-M4 r0p1, Little endian.
* JLink Info: FPUnit: 6 code (BP) slots and 2 literal slots
* JLink Info: CoreSight components:
* JLink Info: ROMTbl[0] @ E00FF000
* JLink Info: [0][0]: E000E000 CID B105E00D PID 000BB00C SCS-M7
* JLink Info: [0][1]: E0001000 CID B105E00D PID 003BB002 DWT
* JLink Info: [0][2]: E0002000 CID B105E00D PID 002BB003 FPB
* JLink Info: [0][3]: E0000000 CID B105E00D PID 003BB001 ITM
* JLink Info: [0][4]: E0040000 CID B105900D PID 000BB9A1 TPIU
* JLink Info: [0][5]: E0041000 CID B105900D PID 000BB925 ETM
ROMTableAddr = 0xE00FF000
* JLink Info: Reset: Halt core after reset via DEMCR.VC_CORERESET.
* JLink Info: Reset: Reset device via AIRCR.SYSRESETREQ.

Target info:
------------
Device: N32L406CB
VTarget = 3.301V
State of Pins: TCK: 0, TDI: 1, TDO: 0, TMS: 1, TRES: 1, TRST: 1
Hardware-Breakpoints: 6
Software-Breakpoints: 8192
Watchpoints:          4
JTAG speed: 12000 kHz

Full Chip Erase Done.Programming Done.Verify OK.* JLink Info: Reset: Halt core after reset via DEMCR.VC_CORERESET.
* JLink Info: Reset: Reset device via AIRCR.SYSRESETREQ.
Application running ...
Flash Load finished at 22:36:06
