


ARM Macro Assembler    Page 1 


    1 00000000         ;/**
    2 00000000         ;*******************************************************
                       *******************
    3 00000000         ;* File   : n32l40x_STLRamMcMxKEIL.s
    4 00000000         ;* Version: V1.0.0
    5 00000000         ;* Date   : 2021-04-25
    6 00000000         ;* Brief  : This file contains procedures written in ass
                       embler for full
    7 00000000         ;           and partial transparent Marching RAM tests t
                       o be called during
    8 00000000         ;           start-up and run time
    9 00000000         ;*******************************************************
                       *******************
   10 00000000         ;*/
   11 00000000         
   12 00000000                 THUMB
   13 00000000         ;  REQUIRES
   14 00000000                 PRESERVE8
   15 00000000         
   16 00000000                 AREA             |.text|, CODE, READONLY, ALIGN=
2
   17 00000000         
   18 00000000         ; tables with offsets of physical order of address in RA
                       M
   19 00000000         __STANDARD_RAM_ORDER
   20 00000000 FFFFFFFC        DCD              -4
   21 00000004 00000000        DCD              0
   22 00000008 00000004        DCD              4
   23 0000000C 00000008        DCD              8
   24 00000010 0000000C        DCD              12
   25 00000014 00000010        DCD              16
   26 00000018 00000014        DCD              20
   27 0000001C 00000018        DCD              24
   28 00000020 0000001C        DCD              28
   29 00000024         __ARTISAN_RAM_ORDER
   30 00000024 FFFFFFF8        DCD              -8
   31 00000028 00000000        DCD              0
   32 0000002C 00000004        DCD              4
   33 00000030 0000000C        DCD              12
   34 00000034 00000008        DCD              8
   35 00000038 00000010        DCD              16
   36 0000003C 00000014        DCD              20
   37 00000040 0000001C        DCD              28
   38 00000044 00000018        DCD              24
   39 00000048         
   40 00000048         
   41 00000048         
   42 00000048                 EXTERN           ISRCtrlFlowCnt
   43 00000048                 EXTERN           ISRCtrlFlowCntInv
   44 00000048         
   45 00000048                 EXPORT           STL_FullRamMarchC
   46 00000048                 EXPORT           STL_TranspRamMarchCXStep
   47 00000048         
   48 00000048         ;*******************************************************
                       ************************
   49 00000048         ; Function Name  : STL_FullRamMarchC
   50 00000048         ; Description    : Full RAM MarchC test for start-up
   51 00000048         ; Input          : R0 .. RAM begin (first address to che
                       ck), 



ARM Macro Assembler    Page 2 


   52 00000048         ;                  R1 .. RAM end (last address to check)
                       
   53 00000048         ;                  R2 .. Background pattern
   54 00000048         ; Local          : R3 .. Inverted background pattern
   55 00000048         ;                  R4 .. keeps test result status
   56 00000048         ;                  R5  .. pointer to RAM
   57 00000048         ;                  R6  .. content RAM to compare
   58 00000048         ; Return         : TEST_SUCCESSFULL (=1)
   59 00000048         ; WARNING        : All the RAM area including stack is d
                       estroyed during this test
   60 00000048         ;*******************************************************
                       ************************/
   61 00000048         STL_FullRamMarchC                    ;// R0 = RAM_START,
                                                             R1 = RAM_END, R2 =
                                                             BCKGRND = 0
   62 00000048 2401            MOVS             R4, #0x1    ; Test success stat
                                                            us by default
   63 0000004A         
   64 0000004A 0013            MOVS             R3,R2       ; setup inverted ba
                                                            ckground pattern
   65 0000004C 425B            RSBS             R3, R3, #0
   66 0000004E 1E5B            SUBS             R3,R3, #1
   67 00000050         
   68 00000050         ; *** Step 1 *** 
   69 00000050         ; Write background pattern with addresses increasing
   70 00000050 0005            MOVS             R5,R0
   71 00000052         __FULL1_LOOP
   72 00000052 428D            CMP              R5,R1
   73 00000054 D802            BHI              __FULLSTEP_2
   74 00000056 602A            STR              R2,[R5, #+0]
   75 00000058 1D2D            ADDS             R5,R5,#+4
   76 0000005A E7FA            B                __FULL1_LOOP
   77 0000005C         
   78 0000005C         ; *** Step 2 ***
   79 0000005C         ; Verify background and write inverted background with a
                       ddresses increasing
   80 0000005C         __FULLSTEP_2
   81 0000005C 0005            MOVS             R5,R0
   82 0000005E         __FULL2_LOOP
   83 0000005E 428D            CMP              R5,R1
   84 00000060 D811            BHI              __FULLSTEP_3
   85 00000062 682E            LDR              R6,[R5,#+0]
   86 00000064 4296            CMP              R6,R2
   87 00000066 D157            BNE              __FULL_ERR
   88 00000068 602B            STR              R3,[R5,#+0]
   89 0000006A 686E            LDR              R6,[R5,#+4]
   90 0000006C 4296            CMP              R6,R2
   91 0000006E D153            BNE              __FULL_ERR
   92 00000070 606B            STR              R3,[R5,#+4]
   93 00000072                 IF               :DEF:ARTISAN
  103 00000072 68AE            LDR              R6,[R5,#+8]
  104 00000074 4296            CMP              R6,R2
  105 00000076 D14F            BNE              __FULL_ERR
  106 00000078 60AB            STR              R3,[R5,#+8]
  107 0000007A 68EE            LDR              R6,[R5,#+12]
  108 0000007C 4296            CMP              R6,R2
  109 0000007E D14B            BNE              __FULL_ERR
  110 00000080 60EB            STR              R3,[R5,#+12]
  111 00000082                 ENDIF



ARM Macro Assembler    Page 3 


  112 00000082 3510            ADDS             R5,R5,#+16
  113 00000084 E7EB            B                __FULL2_LOOP
  114 00000086         
  115 00000086         ; *** Step 3 ***
  116 00000086         ; Verify inverted background and write background with a
                       ddresses increasing  
  117 00000086         __FULLSTEP_3
  118 00000086 0005            MOVS             R5,R0
  119 00000088         __FULL3_LOOP
  120 00000088 428D            CMP              R5,R1
  121 0000008A D811            BHI              __FULLSTEP_4
  122 0000008C 682E            LDR              R6,[R5,#+0]
  123 0000008E 429E            CMP              R6,R3
  124 00000090 D142            BNE              __FULL_ERR
  125 00000092 602A            STR              R2,[R5,#+0]
  126 00000094 686E            LDR              R6,[R5,#+4]
  127 00000096 429E            CMP              R6,R3
  128 00000098 D13E            BNE              __FULL_ERR
  129 0000009A 606A            STR              R2,[R5,#+4]
  130 0000009C                 IF               :DEF:ARTISAN
  140 0000009C 68AE            LDR              R6,[R5,#+8]
  141 0000009E 429E            CMP              R6,R3
  142 000000A0 D13A            BNE              __FULL_ERR
  143 000000A2 60AA            STR              R2,[R5,#+8]
  144 000000A4 68EE            LDR              R6,[R5,#+12]
  145 000000A6 429E            CMP              R6,R3
  146 000000A8 D136            BNE              __FULL_ERR
  147 000000AA 60EA            STR              R2,[R5,#+12]
  148 000000AC                 ENDIF
  149 000000AC 3510            ADDS             R5,R5,#+16
  150 000000AE E7EB            B                __FULL3_LOOP
  151 000000B0         
  152 000000B0         ; *** Step 4 ***
  153 000000B0         ; Verify background and write inverted background with a
                       ddresses decreasing  
  154 000000B0         __FULLSTEP_4
  155 000000B0 000D            MOVS             R5,R1
  156 000000B2 3D0F            SUBS             R5,R5,#+15
  157 000000B4         __FULL4_LOOP
  158 000000B4 4285            CMP              R5,R0
  159 000000B6 D311            BLO              __FULLSTEP_5
  160 000000B8                 IF               :DEF:ARTISAN
  170 000000B8 68EE            LDR              R6,[R5,#+12]
  171 000000BA 4296            CMP              R6,R2
  172 000000BC D12C            BNE              __FULL_ERR
  173 000000BE 60EB            STR              R3,[R5,#+12]
  174 000000C0 68AE            LDR              R6,[R5,#+8]
  175 000000C2 4296            CMP              R6,R2
  176 000000C4 D128            BNE              __FULL_ERR
  177 000000C6 60AB            STR              R3,[R5,#+8]
  178 000000C8                 ENDIF
  179 000000C8 686E            LDR              R6,[R5,#+4]
  180 000000CA 4296            CMP              R6,R2
  181 000000CC D124            BNE              __FULL_ERR
  182 000000CE 606B            STR              R3,[R5,#+4]
  183 000000D0 682E            LDR              R6,[R5,#+0]
  184 000000D2 4296            CMP              R6,R2
  185 000000D4 D120            BNE              __FULL_ERR
  186 000000D6 602B            STR              R3,[R5,#+0]



ARM Macro Assembler    Page 4 


  187 000000D8 3D10            SUBS             R5,R5,#+16
  188 000000DA E7EB            B                __FULL4_LOOP
  189 000000DC         
  190 000000DC         ; *** Step 5 ***
  191 000000DC         ; Verify inverted background and write background with a
                       ddresses decreasing 
  192 000000DC         __FULLSTEP_5
  193 000000DC 000D            MOVS             R5,R1
  194 000000DE 3D0F            SUBS             R5,R5,#+15
  195 000000E0         __FULL5_LOOP
  196 000000E0 4285            CMP              R5,R0
  197 000000E2 D311            BLO              __FULLSTEP_6
  198 000000E4                 IF               :DEF:ARTISAN
  208 000000E4 68EE            LDR              R6,[R5,#+12]
  209 000000E6 429E            CMP              R6,R3
  210 000000E8 D116            BNE              __FULL_ERR
  211 000000EA 60EA            STR              R2,[R5,#+12]
  212 000000EC 68AE            LDR              R6,[R5,#+8]
  213 000000EE 429E            CMP              R6,R3
  214 000000F0 D112            BNE              __FULL_ERR
  215 000000F2 60AA            STR              R2,[R5,#+8]
  216 000000F4                 ENDIF
  217 000000F4 686E            LDR              R6,[R5,#+4]
  218 000000F6 429E            CMP              R6,R3
  219 000000F8 D10E            BNE              __FULL_ERR
  220 000000FA 606A            STR              R2,[R5,#+4]
  221 000000FC 682E            LDR              R6,[R5,#+0]
  222 000000FE 429E            CMP              R6,R3
  223 00000100 D10A            BNE              __FULL_ERR
  224 00000102 602A            STR              R2,[R5,#+0]
  225 00000104 3D10            SUBS             R5,R5,#+16
  226 00000106 E7EB            B                __FULL5_LOOP
  227 00000108         
  228 00000108         ; *** Step 6 ***
  229 00000108         ; Verify background with addresses increasing
  230 00000108         __FULLSTEP_6
  231 00000108 0005            MOVS             R5,R0
  232 0000010A         __FULL6_LOOP
  233 0000010A 428D            CMP              R5,R1
  234 0000010C D805            BHI              __FULL_RET
  235 0000010E 682E            LDR              R6,[R5,#+0]
  236 00000110 4296            CMP              R6,R2
  237 00000112 D101            BNE              __FULL_ERR
  238 00000114 1D2D            ADDS             R5,R5,#+4
  239 00000116 E7F8            B                __FULL6_LOOP
  240 00000118         
  241 00000118         __FULL_ERR
  242 00000118 2400            MOVS             R4,#0       ; error result
  243 0000011A         
  244 0000011A         __FULL_RET
  245 0000011A 0020            MOVS             R0,R4
  246 0000011C 4770            BX               LR          ; return to the cal
                                                            ler
  247 0000011E         
  248 0000011E         ;*******************************************************
                       ************************
  249 0000011E         ; Function Name  : STL_TranspRamMarchCXStep
  250 0000011E         ; Description    : Transparent RAM MarchC-/March X test 
                       for run time



ARM Macro Assembler    Page 5 


  251 0000011E         ; Input          : R0 .. RAM begin (first address to tes
                       t), 
  252 0000011E         ;                  R1 .. Buffer begin (First address of 
                       backup buffer)
  253 0000011E         ;                  R2 .. Background pattern
  254 0000011E         ; Return         : TEST_SUCCESSFULL (=1)
  255 0000011E         ; WARNING -  The RAM area under test is out of original 
                       content during this test!
  256 0000011E         ;            Neighbour addresses (first-1 or -2 and last
                       +1) are tested, too.
  257 0000011E         ; Compilation paramaters : ARTISAN - changes order of th
                       e sequence of tested
  258 0000011E         ;                                    addresses to respec
                       t their physical order
  259 0000011E         ;                  USE_MARCHX_TEST - Skip step 3 and 4 o
                       f March C- to make the test
  260 0000011E         ;                                    shorter and faster 
                       overall
  261 0000011E         ;*******************************************************
                       ************************/
  262 0000011E         STL_TranspRamMarchCXStep
  263 0000011E B4F0            PUSH             {R4-R7}
  264 00000120         
  265 00000120 4D48            LDR              R5,=ISRCtrlFlowCnt ; Control fl
                                                            ow control
  266 00000122 682E            LDR              R6,[R5]
  267 00000124 360B            ADDS             R6,R6,#11
  268 00000126 602E            STR              R6,[R5]
  269 00000128         
  270 00000128 0013            MOVS             R3,R2       ; setup inverted ba
                                                            ckground pattern (R
                                                            3)
  271 0000012A 425B            RSBS             R3, R3, #0
  272 0000012C 1E5B            SUBS             R3,R3, #1
  273 0000012E         
  274 0000012E                 IF               :DEF:ARTISAN
  277 0000012E 4C46            LDR              R4, =__STANDARD_RAM_ORDER
  278 00000130                 ENDIF
  279 00000130         
  280 00000130 0005            MOVS             R5,R0       ; backup buffer to 
                                                            be tested?
  281 00000132 428D            CMP              R5,R1
  282 00000134 D046            BEQ              __BUFF_TEST
  283 00000136         
  284 00000136         ; ***************** test of the RAM slice **************
                       *******
  285 00000136 2500            MOVS             R5, #0      ; NO - save content
                                                             of the RAM slice i
                                                            nto the backup buff
                                                            er
  286 00000138         __SAVE_LOOP
  287 00000138 5966            LDR              R6,[R4, R5] ; load data offset
  288 0000013A 5987            LDR              R7,[R0, R6] ; load data from RA
                                                            M
  289 0000013C F105 0504       ADD              R5,R5,#4    ; original data are
                                                             stored starting fr
                                                            om second item of t
                                                            he buffer
  290 00000140 514F            STR              R7,[R1, R5] ; (first and last i



ARM Macro Assembler    Page 6 


                                                            tems are used for t
                                                            esting purpose excl
                                                            usively)
  291 00000142 2D14            CMP              R5, #20
  292 00000144 DDF8            BLE              __SAVE_LOOP
  293 00000146         
  294 00000146         ; *** Step 1 *** 
  295 00000146         ; Write background pattern with addresses increasing
  296 00000146 2500            MOVS             R5, #0
  297 00000148         __STEP1_LOOP
  298 00000148 5966            LDR              R6,[R4, R5] ; load data offset
  299 0000014A 5182            STR              R2,[R0, R6] ; store background 
                                                            pattern
  300 0000014C F105 0504       ADD              R5,R5,#4
  301 00000150 2D14            CMP              R5, #20
  302 00000152 DDF9            BLE              __STEP1_LOOP
  303 00000154         
  304 00000154         ; *** Step 2 ***
  305 00000154         ; Verify background and write inverted background with a
                       ddresses increasing
  306 00000154 2500            MOVS             R5, #0
  307 00000156         __STEP2_LOOP
  308 00000156 5966            LDR              R6,[R4, R5] ; load data offset
  309 00000158 5987            LDR              R7,[R0, R6] ; verify background
                                                             pattern
  310 0000015A 4297            CMP              R7, R2
  311 0000015C D16E            BNE              __STEP_ERR
  312 0000015E 5183            STR              R3,[R0, R6] ; store inverted ba
                                                            ckground pattern
  313 00000160 F105 0504       ADD              R5,R5,#4
  314 00000164 2D14            CMP              R5, #20
  315 00000166 DDF6            BLE              __STEP2_LOOP
  316 00000168         
  317 00000168                 IF               :DEF:USE_MARCHX_TEST
  319 00000168         ; *** Step 3 *** (not used at March-X test)
  320 00000168         ; Verify inverted background and write background with a
                       ddresses increasing  
  321 00000168 2500            MOVS             R5, #0
  322 0000016A         __STEP3_LOOP
  323 0000016A 5966            LDR              R6,[R4, R5] ; load data offset
  324 0000016C 5987            LDR              R7,[R0, R6] ; verify inverted b
                                                            ackground pattern
  325 0000016E 429F            CMP              R7, R3
  326 00000170 D164            BNE              __STEP_ERR
  327 00000172 5182            STR              R2,[R0, R6] ; store background 
                                                            pattrern
  328 00000174 F105 0504       ADD              R5,R5,#4
  329 00000178 2D14            CMP              R5, #20
  330 0000017A DDF6            BLE              __STEP3_LOOP
  331 0000017C         
  332 0000017C         ; *** Step 4 *** (not used at March-X test)
  333 0000017C         ; Verify background and write inverted background with a
                       ddresses decreasing  
  334 0000017C 2518            MOVS             R5, #24
  335 0000017E         __STEP4_LOOP
  336 0000017E 1F2D            SUBS             R5,R5,#4
  337 00000180 5966            LDR              R6,[R4, R5] ; load data offset
  338 00000182 5987            LDR              R7,[R0, R6] ; verify background
                                                             pattern



ARM Macro Assembler    Page 7 


  339 00000184 4297            CMP              R7, R2
  340 00000186 D159            BNE              __STEP_ERR
  341 00000188 5183            STR              R3,[R0, R6] ; store inverted ba
                                                            ckground pattrern
  342 0000018A 2D00            CMP              R5, #0
  343 0000018C D8F7            BHI              __STEP4_LOOP
  344 0000018E                 ENDIF                        ; March-X
  345 0000018E         
  346 0000018E         ; *** Step 5 ***
  347 0000018E         ; Verify inverted background and write background with a
                       ddresses decreasing 
  348 0000018E 2518            MOVS             R5, #24
  349 00000190         __STEP5_LOOP
  350 00000190 1F2D            SUBS             R5,R5,#4
  351 00000192 5966            LDR              R6,[R4, R5] ; load data offset
  352 00000194 5987            LDR              R7,[R0, R6] ; verify inverted b
                                                            ackground pattern
  353 00000196 429F            CMP              R7, R3
  354 00000198 D150            BNE              __STEP_ERR
  355 0000019A 5182            STR              R2,[R0, R6] ; store background 
                                                            pattrern
  356 0000019C 2D00            CMP              R5, #0
  357 0000019E D8F7            BHI              __STEP5_LOOP
  358 000001A0         
  359 000001A0         ; *** Step 6 ***
  360 000001A0         ; Verify background with addresses increasing
  361 000001A0 2500            MOVS             R5, #0
  362 000001A2         __STEP6_LOOP
  363 000001A2 5966            LDR              R6,[R4, R5] ; load data offset
  364 000001A4 5987            LDR              R7,[R0, R6] ; verify background
                                                             pattern
  365 000001A6 4297            CMP              R7, R2
  366 000001A8 D148            BNE              __STEP_ERR
  367 000001AA F105 0504       ADD              R5,R5,#4
  368 000001AE 2D14            CMP              R5, #20
  369 000001B0 DDF7            BLE              __STEP6_LOOP
  370 000001B2         
  371 000001B2 2518            MOVS             R5, #24     ; restore content o
                                                            f the RAM slice bac
                                                            k from the backup b
                                                            uffer
  372 000001B4         __RESTORE_LOOP
  373 000001B4 594F            LDR              R7,[R1, R5] ; (first and last i
                                                            tems are used for t
                                                            esting purpose excl
                                                            usively)
  374 000001B6 F1A5 0504       SUB              R5,R5,#4    ; original data are
                                                             stored starting fr
                                                            om second item of t
                                                            he buffer
  375 000001BA 5966            LDR              R6,[R4, R5] ; load data offset
  376 000001BC 5187            STR              R7,[R0, R6] ; load data from RA
                                                            M
  377 000001BE 2D00            CMP              R5, #0
  378 000001C0 D8F8            BHI              __RESTORE_LOOP
  379 000001C2         
  380 000001C2 E035            B                __MARCH_RET
  381 000001C4         
  382 000001C4         ; ************** test of the buffer itself *************



ARM Macro Assembler    Page 8 


                       *******
  383 000001C4         __BUFF_TEST
  384 000001C4         ; *** Step 1 *** 
  385 000001C4         ; Write background pattern with addresses increasing
  386 000001C4 2504            MOVS             R5, #4
  387 000001C6         __BUFF1_LOOP
  388 000001C6 5966            LDR              R6,[R4, R5] ; load data offset
  389 000001C8 5182            STR              R2,[R0, R6] ; store background 
                                                            pattern
  390 000001CA F105 0504       ADD              R5,R5,#4
  391 000001CE 2D20            CMP              R5, #32
  392 000001D0 DDF9            BLE              __BUFF1_LOOP
  393 000001D2         
  394 000001D2         ; *** Step 2 ***
  395 000001D2         ; Verify background and write inverted background with a
                       ddresses increasing
  396 000001D2 2504            MOVS             R5, #4
  397 000001D4         __BUFF2_LOOP
  398 000001D4 5966            LDR              R6,[R4, R5] ; load data offset
  399 000001D6 5987            LDR              R7,[R0, R6] ; verify background
                                                             pattern
  400 000001D8 4297            CMP              R7, R2
  401 000001DA D12F            BNE              __STEP_ERR
  402 000001DC 5183            STR              R3,[R0, R6] ; store inverted ba
                                                            ckground pattern
  403 000001DE F105 0504       ADD              R5,R5,#4
  404 000001E2 2D20            CMP              R5, #32
  405 000001E4 DDF6            BLE              __BUFF2_LOOP
  406 000001E6         
  407 000001E6                 IF               :DEF:USE_MARCHX_TEST
  409 000001E6         ; *** Step 3 *** (not used at March-X test)
  410 000001E6         ; Verify inverted background and write background with a
                       ddresses increasing  
  411 000001E6 2504            MOVS             R5, #4
  412 000001E8         __BUFF3_LOOP
  413 000001E8 5966            LDR              R6,[R4, R5] ; load data offset
  414 000001EA 5987            LDR              R7,[R0, R6] ; verify inverted b
                                                            ackground pattern
  415 000001EC 429F            CMP              R7, R3
  416 000001EE D125            BNE              __STEP_ERR
  417 000001F0 5182            STR              R2,[R0, R6] ; store  background
                                                             pattern
  418 000001F2 F105 0504       ADD              R5,R5,#4
  419 000001F6 2D20            CMP              R5, #32
  420 000001F8 DDF6            BLE              __BUFF3_LOOP
  421 000001FA         
  422 000001FA         ; *** Step 4 *** (not used at March-X test)
  423 000001FA         ; Verify background and write inverted background with a
                       ddresses decreasing  
  424 000001FA 2524            MOVS             R5, #36
  425 000001FC         __BUFF4_LOOP
  426 000001FC 1F2D            SUBS             R5,R5,#4
  427 000001FE 5966            LDR              R6,[R4, R5] ; load data offset
  428 00000200 5987            LDR              R7,[R0, R6] ; verify background
                                                             pattern
  429 00000202 4297            CMP              R7, R2
  430 00000204 D11A            BNE              __STEP_ERR
  431 00000206 5183            STR              R3,[R0, R6] ; store inverted ba
                                                            ckground pattrern



ARM Macro Assembler    Page 9 


  432 00000208 2D04            CMP              R5, #4
  433 0000020A D8F7            BHI              __BUFF4_LOOP
  434 0000020C                 ENDIF                        ; March-X
  435 0000020C         
  436 0000020C         ; *** Step 5 ***
  437 0000020C         ; Verify inverted background and write background with a
                       ddresses decreasing 
  438 0000020C 2524            MOVS             R5, #36
  439 0000020E         __BUFF5_LOOP
  440 0000020E 1F2D            SUBS             R5,R5,#4
  441 00000210 5966            LDR              R6,[R4, R5] ; load data offset
  442 00000212 5987            LDR              R7,[R0, R6] ; verify inverted b
                                                            ackground pattern
  443 00000214 429F            CMP              R7, R3
  444 00000216 D111            BNE              __STEP_ERR
  445 00000218 5182            STR              R2,[R0, R6] ; store background 
                                                            pattrern
  446 0000021A 2D04            CMP              R5, #4
  447 0000021C D8F7            BHI              __BUFF5_LOOP
  448 0000021E         
  449 0000021E         ; *** Step 6 ***
  450 0000021E         ; Verify background with addresses increasing
  451 0000021E 2504            MOVS             R5, #4
  452 00000220         __BUFF6_LOOP
  453 00000220 5966            LDR              R6,[R4, R5] ; load data offset
  454 00000222 5987            LDR              R7,[R0, R6] ; verify background
                                                             pattern
  455 00000224 4297            CMP              R7, R2
  456 00000226 D109            BNE              __STEP_ERR
  457 00000228 F105 0504       ADD              R5,R5,#4
  458 0000022C 2D20            CMP              R5, #32
  459 0000022E DDF7            BLE              __BUFF6_LOOP
  460 00000230         
  461 00000230         __MARCH_RET
  462 00000230 4C06            LDR              R4,=ISRCtrlFlowCntInv ; Control
                                                             flow control
  463 00000232 6825            LDR              R5,[R4]
  464 00000234 3D0B            SUBS             R5,R5,#11
  465 00000236 6025            STR              R5,[R4]
  466 00000238         
  467 00000238 2001            MOVS             R0, #1      ; Correct return
  468 0000023A E000            B                __STEP_RET
  469 0000023C         
  470 0000023C         __STEP_ERR
  471 0000023C 2000            MOVS             R0, #0      ; error result
  472 0000023E         
  473 0000023E         __STEP_RET
  474 0000023E BCF0            POP              {R4-R7}
  475 00000240 4770            BX               LR          ; return to the cal
                                                            ler
  476 00000242 BF00            NOP
  477 00000244                 END
              00000000 
              00000000 
              00000000 
Command Line: --debug --xref --diag_suppress=9931 --cpu=Cortex-M4.fp --depend=.
\objects\n32l40x_stlrammcmxkeil.d -o.\objects\n32l40x_stlrammcmxkeil.o -I.\RTE\
_Debug_NoBootNoClassB -IC:\Keil_v5\ARM\PACK\Nationstech\N32L40x_DFP\0.1.0\firmw
are\CMSIS\device -IC:\Keil_v5\ARM\CMSIS\Include --predefine="__MICROLIB SETA 1"



ARM Macro Assembler    Page 10 


 --predefine="__UVISION_VERSION SETA 526" --predefine="N32L40X SETA 1" --predef
ine="N32L406 SETA 1" --predefine="USE_STDPERIPH_DRIVER SETA 1" --list=.\listing
s\n32l40x_stlrammcmxkeil.lst ..\..\CubeCommon\L1_MSP\ClassB\n32l40x_STLRamMcMxK
EIL.s



ARM Macro Assembler    Page 1 Alphabetic symbol ordering
Relocatable symbols

.text 00000000

Symbol: .text
   Definitions
      At line 16 in file ..\..\CubeCommon\L1_MSP\ClassB\n32l40x_STLRamMcMxKEIL.
s
   Uses
      None
Comment: .text unused
STL_FullRamMarchC 00000048

Symbol: STL_FullRamMarchC
   Definitions
      At line 61 in file ..\..\CubeCommon\L1_MSP\ClassB\n32l40x_STLRamMcMxKEIL.
s
   Uses
      At line 45 in file ..\..\CubeCommon\L1_MSP\ClassB\n32l40x_STLRamMcMxKEIL.
s
Comment: STL_FullRamMarchC used once
STL_TranspRamMarchCXStep 0000011E

Symbol: STL_TranspRamMarchCXStep
   Definitions
      At line 262 in file ..\..\CubeCommon\L1_MSP\ClassB\n32l40x_STLRamMcMxKEIL
.s
   Uses
      At line 46 in file ..\..\CubeCommon\L1_MSP\ClassB\n32l40x_STLRamMcMxKEIL.
s
Comment: STL_TranspRamMarchCXStep used once
__ARTISAN_RAM_ORDER 00000024

Symbol: __ARTISAN_RAM_ORDER
   Definitions
      At line 29 in file ..\..\CubeCommon\L1_MSP\ClassB\n32l40x_STLRamMcMxKEIL.
s
   Uses
      None
Comment: __ARTISAN_RAM_ORDER unused
__BUFF1_LOOP 000001C6

Symbol: __BUFF1_LOOP
   Definitions
      At line 387 in file ..\..\CubeCommon\L1_MSP\ClassB\n32l40x_STLRamMcMxKEIL
.s
   Uses
      At line 392 in file ..\..\CubeCommon\L1_MSP\ClassB\n32l40x_STLRamMcMxKEIL
.s
Comment: __BUFF1_LOOP used once
__BUFF2_LOOP 000001D4

Symbol: __BUFF2_LOOP
   Definitions
      At line 397 in file ..\..\CubeCommon\L1_MSP\ClassB\n32l40x_STLRamMcMxKEIL
.s
   Uses
      At line 405 in file ..\..\CubeCommon\L1_MSP\ClassB\n32l40x_STLRamMcMxKEIL
.s
Comment: __BUFF2_LOOP used once
__BUFF3_LOOP 000001E8



ARM Macro Assembler    Page 2 Alphabetic symbol ordering
Relocatable symbols


Symbol: __BUFF3_LOOP
   Definitions
      At line 412 in file ..\..\CubeCommon\L1_MSP\ClassB\n32l40x_STLRamMcMxKEIL
.s
   Uses
      At line 420 in file ..\..\CubeCommon\L1_MSP\ClassB\n32l40x_STLRamMcMxKEIL
.s
Comment: __BUFF3_LOOP used once
__BUFF4_LOOP 000001FC

Symbol: __BUFF4_LOOP
   Definitions
      At line 425 in file ..\..\CubeCommon\L1_MSP\ClassB\n32l40x_STLRamMcMxKEIL
.s
   Uses
      At line 433 in file ..\..\CubeCommon\L1_MSP\ClassB\n32l40x_STLRamMcMxKEIL
.s
Comment: __BUFF4_LOOP used once
__BUFF5_LOOP 0000020E

Symbol: __BUFF5_LOOP
   Definitions
      At line 439 in file ..\..\CubeCommon\L1_MSP\ClassB\n32l40x_STLRamMcMxKEIL
.s
   Uses
      At line 447 in file ..\..\CubeCommon\L1_MSP\ClassB\n32l40x_STLRamMcMxKEIL
.s
Comment: __BUFF5_LOOP used once
__BUFF6_LOOP 00000220

Symbol: __BUFF6_LOOP
   Definitions
      At line 452 in file ..\..\CubeCommon\L1_MSP\ClassB\n32l40x_STLRamMcMxKEIL
.s
   Uses
      At line 459 in file ..\..\CubeCommon\L1_MSP\ClassB\n32l40x_STLRamMcMxKEIL
.s
Comment: __BUFF6_LOOP used once
__BUFF_TEST 000001C4

Symbol: __BUFF_TEST
   Definitions
      At line 383 in file ..\..\CubeCommon\L1_MSP\ClassB\n32l40x_STLRamMcMxKEIL
.s
   Uses
      At line 282 in file ..\..\CubeCommon\L1_MSP\ClassB\n32l40x_STLRamMcMxKEIL
.s
Comment: __BUFF_TEST used once
__FULL1_LOOP 00000052

Symbol: __FULL1_LOOP
   Definitions
      At line 71 in file ..\..\CubeCommon\L1_MSP\ClassB\n32l40x_STLRamMcMxKEIL.
s
   Uses
      At line 76 in file ..\..\CubeCommon\L1_MSP\ClassB\n32l40x_STLRamMcMxKEIL.
s
Comment: __FULL1_LOOP used once



ARM Macro Assembler    Page 3 Alphabetic symbol ordering
Relocatable symbols

__FULL2_LOOP 0000005E

Symbol: __FULL2_LOOP
   Definitions
      At line 82 in file ..\..\CubeCommon\L1_MSP\ClassB\n32l40x_STLRamMcMxKEIL.
s
   Uses
      At line 113 in file ..\..\CubeCommon\L1_MSP\ClassB\n32l40x_STLRamMcMxKEIL
.s
Comment: __FULL2_LOOP used once
__FULL3_LOOP 00000088

Symbol: __FULL3_LOOP
   Definitions
      At line 119 in file ..\..\CubeCommon\L1_MSP\ClassB\n32l40x_STLRamMcMxKEIL
.s
   Uses
      At line 150 in file ..\..\CubeCommon\L1_MSP\ClassB\n32l40x_STLRamMcMxKEIL
.s
Comment: __FULL3_LOOP used once
__FULL4_LOOP 000000B4

Symbol: __FULL4_LOOP
   Definitions
      At line 157 in file ..\..\CubeCommon\L1_MSP\ClassB\n32l40x_STLRamMcMxKEIL
.s
   Uses
      At line 188 in file ..\..\CubeCommon\L1_MSP\ClassB\n32l40x_STLRamMcMxKEIL
.s
Comment: __FULL4_LOOP used once
__FULL5_LOOP 000000E0

Symbol: __FULL5_LOOP
   Definitions
      At line 195 in file ..\..\CubeCommon\L1_MSP\ClassB\n32l40x_STLRamMcMxKEIL
.s
   Uses
      At line 226 in file ..\..\CubeCommon\L1_MSP\ClassB\n32l40x_STLRamMcMxKEIL
.s
Comment: __FULL5_LOOP used once
__FULL6_LOOP 0000010A

Symbol: __FULL6_LOOP
   Definitions
      At line 232 in file ..\..\CubeCommon\L1_MSP\ClassB\n32l40x_STLRamMcMxKEIL
.s
   Uses
      At line 239 in file ..\..\CubeCommon\L1_MSP\ClassB\n32l40x_STLRamMcMxKEIL
.s
Comment: __FULL6_LOOP used once
__FULLSTEP_2 0000005C

Symbol: __FULLSTEP_2
   Definitions
      At line 80 in file ..\..\CubeCommon\L1_MSP\ClassB\n32l40x_STLRamMcMxKEIL.
s
   Uses
      At line 73 in file ..\..\CubeCommon\L1_MSP\ClassB\n32l40x_STLRamMcMxKEIL.
s



ARM Macro Assembler    Page 4 Alphabetic symbol ordering
Relocatable symbols

Comment: __FULLSTEP_2 used once
__FULLSTEP_3 00000086

Symbol: __FULLSTEP_3
   Definitions
      At line 117 in file ..\..\CubeCommon\L1_MSP\ClassB\n32l40x_STLRamMcMxKEIL
.s
   Uses
      At line 84 in file ..\..\CubeCommon\L1_MSP\ClassB\n32l40x_STLRamMcMxKEIL.
s
Comment: __FULLSTEP_3 used once
__FULLSTEP_4 000000B0

Symbol: __FULLSTEP_4
   Definitions
      At line 154 in file ..\..\CubeCommon\L1_MSP\ClassB\n32l40x_STLRamMcMxKEIL
.s
   Uses
      At line 121 in file ..\..\CubeCommon\L1_MSP\ClassB\n32l40x_STLRamMcMxKEIL
.s
Comment: __FULLSTEP_4 used once
__FULLSTEP_5 000000DC

Symbol: __FULLSTEP_5
   Definitions
      At line 192 in file ..\..\CubeCommon\L1_MSP\ClassB\n32l40x_STLRamMcMxKEIL
.s
   Uses
      At line 159 in file ..\..\CubeCommon\L1_MSP\ClassB\n32l40x_STLRamMcMxKEIL
.s
Comment: __FULLSTEP_5 used once
__FULLSTEP_6 00000108

Symbol: __FULLSTEP_6
   Definitions
      At line 230 in file ..\..\CubeCommon\L1_MSP\ClassB\n32l40x_STLRamMcMxKEIL
.s
   Uses
      At line 197 in file ..\..\CubeCommon\L1_MSP\ClassB\n32l40x_STLRamMcMxKEIL
.s
Comment: __FULLSTEP_6 used once
__FULL_ERR 00000118

Symbol: __FULL_ERR
   Definitions
      At line 241 in file ..\..\CubeCommon\L1_MSP\ClassB\n32l40x_STLRamMcMxKEIL
.s
   Uses
      At line 87 in file ..\..\CubeCommon\L1_MSP\ClassB\n32l40x_STLRamMcMxKEIL.
s
      At line 91 in file ..\..\CubeCommon\L1_MSP\ClassB\n32l40x_STLRamMcMxKEIL.
s
      At line 105 in file ..\..\CubeCommon\L1_MSP\ClassB\n32l40x_STLRamMcMxKEIL
.s
      At line 109 in file ..\..\CubeCommon\L1_MSP\ClassB\n32l40x_STLRamMcMxKEIL
.s
      At line 124 in file ..\..\CubeCommon\L1_MSP\ClassB\n32l40x_STLRamMcMxKEIL
.s
      At line 128 in file ..\..\CubeCommon\L1_MSP\ClassB\n32l40x_STLRamMcMxKEIL



ARM Macro Assembler    Page 5 Alphabetic symbol ordering
Relocatable symbols

.s
      At line 142 in file ..\..\CubeCommon\L1_MSP\ClassB\n32l40x_STLRamMcMxKEIL
.s
      At line 146 in file ..\..\CubeCommon\L1_MSP\ClassB\n32l40x_STLRamMcMxKEIL
.s
      At line 172 in file ..\..\CubeCommon\L1_MSP\ClassB\n32l40x_STLRamMcMxKEIL
.s
      At line 176 in file ..\..\CubeCommon\L1_MSP\ClassB\n32l40x_STLRamMcMxKEIL
.s
      At line 181 in file ..\..\CubeCommon\L1_MSP\ClassB\n32l40x_STLRamMcMxKEIL
.s
      At line 185 in file ..\..\CubeCommon\L1_MSP\ClassB\n32l40x_STLRamMcMxKEIL
.s
      At line 210 in file ..\..\CubeCommon\L1_MSP\ClassB\n32l40x_STLRamMcMxKEIL
.s
      At line 214 in file ..\..\CubeCommon\L1_MSP\ClassB\n32l40x_STLRamMcMxKEIL
.s
      At line 219 in file ..\..\CubeCommon\L1_MSP\ClassB\n32l40x_STLRamMcMxKEIL
.s
      At line 223 in file ..\..\CubeCommon\L1_MSP\ClassB\n32l40x_STLRamMcMxKEIL
.s
      At line 237 in file ..\..\CubeCommon\L1_MSP\ClassB\n32l40x_STLRamMcMxKEIL
.s

__FULL_RET 0000011A

Symbol: __FULL_RET
   Definitions
      At line 244 in file ..\..\CubeCommon\L1_MSP\ClassB\n32l40x_STLRamMcMxKEIL
.s
   Uses
      At line 234 in file ..\..\CubeCommon\L1_MSP\ClassB\n32l40x_STLRamMcMxKEIL
.s
Comment: __FULL_RET used once
__MARCH_RET 00000230

Symbol: __MARCH_RET
   Definitions
      At line 461 in file ..\..\CubeCommon\L1_MSP\ClassB\n32l40x_STLRamMcMxKEIL
.s
   Uses
      At line 380 in file ..\..\CubeCommon\L1_MSP\ClassB\n32l40x_STLRamMcMxKEIL
.s
Comment: __MARCH_RET used once
__RESTORE_LOOP 000001B4

Symbol: __RESTORE_LOOP
   Definitions
      At line 372 in file ..\..\CubeCommon\L1_MSP\ClassB\n32l40x_STLRamMcMxKEIL
.s
   Uses
      At line 378 in file ..\..\CubeCommon\L1_MSP\ClassB\n32l40x_STLRamMcMxKEIL
.s
Comment: __RESTORE_LOOP used once
__SAVE_LOOP 00000138

Symbol: __SAVE_LOOP
   Definitions
      At line 286 in file ..\..\CubeCommon\L1_MSP\ClassB\n32l40x_STLRamMcMxKEIL



ARM Macro Assembler    Page 6 Alphabetic symbol ordering
Relocatable symbols

.s
   Uses
      At line 292 in file ..\..\CubeCommon\L1_MSP\ClassB\n32l40x_STLRamMcMxKEIL
.s
Comment: __SAVE_LOOP used once
__STANDARD_RAM_ORDER 00000000

Symbol: __STANDARD_RAM_ORDER
   Definitions
      At line 19 in file ..\..\CubeCommon\L1_MSP\ClassB\n32l40x_STLRamMcMxKEIL.
s
   Uses
      At line 277 in file ..\..\CubeCommon\L1_MSP\ClassB\n32l40x_STLRamMcMxKEIL
.s
Comment: __STANDARD_RAM_ORDER used once
__STEP1_LOOP 00000148

Symbol: __STEP1_LOOP
   Definitions
      At line 297 in file ..\..\CubeCommon\L1_MSP\ClassB\n32l40x_STLRamMcMxKEIL
.s
   Uses
      At line 302 in file ..\..\CubeCommon\L1_MSP\ClassB\n32l40x_STLRamMcMxKEIL
.s
Comment: __STEP1_LOOP used once
__STEP2_LOOP 00000156

Symbol: __STEP2_LOOP
   Definitions
      At line 307 in file ..\..\CubeCommon\L1_MSP\ClassB\n32l40x_STLRamMcMxKEIL
.s
   Uses
      At line 315 in file ..\..\CubeCommon\L1_MSP\ClassB\n32l40x_STLRamMcMxKEIL
.s
Comment: __STEP2_LOOP used once
__STEP3_LOOP 0000016A

Symbol: __STEP3_LOOP
   Definitions
      At line 322 in file ..\..\CubeCommon\L1_MSP\ClassB\n32l40x_STLRamMcMxKEIL
.s
   Uses
      At line 330 in file ..\..\CubeCommon\L1_MSP\ClassB\n32l40x_STLRamMcMxKEIL
.s
Comment: __STEP3_LOOP used once
__STEP4_LOOP 0000017E

Symbol: __STEP4_LOOP
   Definitions
      At line 335 in file ..\..\CubeCommon\L1_MSP\ClassB\n32l40x_STLRamMcMxKEIL
.s
   Uses
      At line 343 in file ..\..\CubeCommon\L1_MSP\ClassB\n32l40x_STLRamMcMxKEIL
.s
Comment: __STEP4_LOOP used once
__STEP5_LOOP 00000190

Symbol: __STEP5_LOOP
   Definitions



ARM Macro Assembler    Page 7 Alphabetic symbol ordering
Relocatable symbols

      At line 349 in file ..\..\CubeCommon\L1_MSP\ClassB\n32l40x_STLRamMcMxKEIL
.s
   Uses
      At line 357 in file ..\..\CubeCommon\L1_MSP\ClassB\n32l40x_STLRamMcMxKEIL
.s
Comment: __STEP5_LOOP used once
__STEP6_LOOP 000001A2

Symbol: __STEP6_LOOP
   Definitions
      At line 362 in file ..\..\CubeCommon\L1_MSP\ClassB\n32l40x_STLRamMcMxKEIL
.s
   Uses
      At line 369 in file ..\..\CubeCommon\L1_MSP\ClassB\n32l40x_STLRamMcMxKEIL
.s
Comment: __STEP6_LOOP used once
__STEP_ERR 0000023C

Symbol: __STEP_ERR
   Definitions
      At line 470 in file ..\..\CubeCommon\L1_MSP\ClassB\n32l40x_STLRamMcMxKEIL
.s
   Uses
      At line 311 in file ..\..\CubeCommon\L1_MSP\ClassB\n32l40x_STLRamMcMxKEIL
.s
      At line 326 in file ..\..\CubeCommon\L1_MSP\ClassB\n32l40x_STLRamMcMxKEIL
.s
      At line 340 in file ..\..\CubeCommon\L1_MSP\ClassB\n32l40x_STLRamMcMxKEIL
.s
      At line 354 in file ..\..\CubeCommon\L1_MSP\ClassB\n32l40x_STLRamMcMxKEIL
.s
      At line 366 in file ..\..\CubeCommon\L1_MSP\ClassB\n32l40x_STLRamMcMxKEIL
.s
      At line 401 in file ..\..\CubeCommon\L1_MSP\ClassB\n32l40x_STLRamMcMxKEIL
.s
      At line 416 in file ..\..\CubeCommon\L1_MSP\ClassB\n32l40x_STLRamMcMxKEIL
.s
      At line 430 in file ..\..\CubeCommon\L1_MSP\ClassB\n32l40x_STLRamMcMxKEIL
.s
      At line 444 in file ..\..\CubeCommon\L1_MSP\ClassB\n32l40x_STLRamMcMxKEIL
.s
      At line 456 in file ..\..\CubeCommon\L1_MSP\ClassB\n32l40x_STLRamMcMxKEIL
.s

__STEP_RET 0000023E

Symbol: __STEP_RET
   Definitions
      At line 473 in file ..\..\CubeCommon\L1_MSP\ClassB\n32l40x_STLRamMcMxKEIL
.s
   Uses
      At line 468 in file ..\..\CubeCommon\L1_MSP\ClassB\n32l40x_STLRamMcMxKEIL
.s
Comment: __STEP_RET used once
36 symbols



ARM Macro Assembler    Page 1 Alphabetic symbol ordering
External symbols

ISRCtrlFlowCnt 00000000

Symbol: ISRCtrlFlowCnt
   Definitions
      At line 42 in file ..\..\CubeCommon\L1_MSP\ClassB\n32l40x_STLRamMcMxKEIL.
s
   Uses
      At line 265 in file ..\..\CubeCommon\L1_MSP\ClassB\n32l40x_STLRamMcMxKEIL
.s
Comment: ISRCtrlFlowCnt used once
ISRCtrlFlowCntInv 00000000

Symbol: ISRCtrlFlowCntInv
   Definitions
      At line 43 in file ..\..\CubeCommon\L1_MSP\ClassB\n32l40x_STLRamMcMxKEIL.
s
   Uses
      At line 462 in file ..\..\CubeCommon\L1_MSP\ClassB\n32l40x_STLRamMcMxKEIL
.s
Comment: ISRCtrlFlowCntInv used once
2 symbols
390 symbols in table
